2014/09/16 11:04:25 [error] [exception.CDbException] exception 'CDbException' with message 'CDbConnection failed to open the DB connection: SQLSTATE[HY000] [1049] Base 'testdrive' inconnue' in E:\wamp\www\yii\framework\db\CDbConnection.php:382
Stack trace:
#0 E:\wamp\www\yii\framework\db\CDbConnection.php(330): CDbConnection->open()
#1 E:\wamp\www\yii\framework\db\CDbConnection.php(308): CDbConnection->setActive(true)
#2 E:\wamp\www\yii\framework\base\CModule.php(387): CDbConnection->init()
#3 E:\wamp\www\yii\framework\base\CModule.php(103): CModule->getComponent('db')
#4 E:\wamp\www\yii\framework\gii\generators\model\ModelCode.php(60): CModule->__get('db')
#5 E:\wamp\www\yii\framework\web\CFormModel.php(39): ModelCode->init()
#6 E:\wamp\www\yii\framework\gii\CCodeGenerator.php(153): CFormModel->__construct()
#7 E:\wamp\www\yii\framework\gii\CCodeGenerator.php(63): CCodeGenerator->prepare()
#8 E:\wamp\www\yii\framework\web\actions\CInlineAction.php(49): CCodeGenerator->actionIndex()
#9 E:\wamp\www\yii\framework\web\CController.php(308): CInlineAction->runWithParams(Array)
#10 E:\wamp\www\yii\framework\web\CController.php(286): CController->runAction(Object(CInlineAction))
#11 E:\wamp\www\yii\framework\web\CController.php(265): CController->runActionWithFilters(Object(CInlineAction), Array)
#12 E:\wamp\www\yii\framework\web\CWebApplication.php(282): CController->run('index')
#13 E:\wamp\www\yii\framework\web\CWebApplication.php(141): CWebApplication->runController('gii/model/index')
#14 E:\wamp\www\yii\framework\base\CApplication.php(180): CWebApplication->processRequest()
#15 E:\wamp\www\webapp\index.php(13): CApplication->run()
#16 {main}
REQUEST_URI=/webapp/index.php?r=gii/model/index
HTTP_REFERER=http://localhost/webapp/index.php?r=gii/default/index
---
2014/09/16 11:04:48 [error] [exception.CDbException] exception 'CDbException' with message 'CDbConnection failed to open the DB connection: SQLSTATE[HY000] [1049] Base 'testdrive' inconnue' in E:\wamp\www\yii\framework\db\CDbConnection.php:382
Stack trace:
#0 E:\wamp\www\yii\framework\db\CDbConnection.php(330): CDbConnection->open()
#1 E:\wamp\www\yii\framework\db\CDbConnection.php(308): CDbConnection->setActive(true)
#2 E:\wamp\www\yii\framework\base\CModule.php(387): CDbConnection->init()
#3 E:\wamp\www\yii\framework\base\CModule.php(103): CModule->getComponent('db')
#4 E:\wamp\www\yii\framework\gii\generators\model\ModelCode.php(60): CModule->__get('db')
#5 E:\wamp\www\yii\framework\web\CFormModel.php(39): ModelCode->init()
#6 E:\wamp\www\yii\framework\gii\CCodeGenerator.php(153): CFormModel->__construct()
#7 E:\wamp\www\yii\framework\gii\CCodeGenerator.php(63): CCodeGenerator->prepare()
#8 E:\wamp\www\yii\framework\web\actions\CInlineAction.php(49): CCodeGenerator->actionIndex()
#9 E:\wamp\www\yii\framework\web\CController.php(308): CInlineAction->runWithParams(Array)
#10 E:\wamp\www\yii\framework\web\CController.php(286): CController->runAction(Object(CInlineAction))
#11 E:\wamp\www\yii\framework\web\CController.php(265): CController->runActionWithFilters(Object(CInlineAction), Array)
#12 E:\wamp\www\yii\framework\web\CWebApplication.php(282): CController->run('index')
#13 E:\wamp\www\yii\framework\web\CWebApplication.php(141): CWebApplication->runController('gii/model/index')
#14 E:\wamp\www\yii\framework\base\CApplication.php(180): CWebApplication->processRequest()
#15 E:\wamp\www\webapp\index.php(13): CApplication->run()
#16 {main}
REQUEST_URI=/webapp/index.php?r=gii/model/index
HTTP_REFERER=http://localhost/webapp/index.php?r=gii/default/index
---
2014/09/16 11:15:28 [error] [system.db.CDbCommand] CDbCommand::fetchAll() failed: SQLSTATE[42S02]: Base table or view not found: 1146 La table 'yiiblog.po' n'existe pas. The SQL statement executed was: SHOW FULL COLUMNS FROM `Po`.
in E:\wamp\www\webapp\index.php (13)
2014/09/16 11:15:34 [error] [system.db.CDbCommand] CDbCommand::fetchAll() failed: SQLSTATE[42S02]: Base table or view not found: 1146 La table 'yiiblog.po' n'existe pas. The SQL statement executed was: SHOW FULL COLUMNS FROM `Po`.
in E:\wamp\www\webapp\index.php (13)
2014/09/17 10:57:57 [error] [exception.CException] exception 'CException' with message 'User and its behaviors do not have a method or closure named "validatePassword".' in E:\wamp\www\yii\framework\base\CComponent.php:266
Stack trace:
#0 E:\wamp\www\yii\framework\db\ar\CActiveRecord.php(227): CComponent->__call('validatePasswor...', Array)
#1 E:\wamp\www\webapp\protected\components\UserIdentity.php(37): CActiveRecord->__call('validatePasswor...', Array)
#2 E:\wamp\www\webapp\protected\components\UserIdentity.php(37): User->validatePassword('demo')
#3 E:\wamp\www\webapp\protected\models\LoginForm.php(52): UserIdentity->authenticate()
#4 E:\wamp\www\yii\framework\validators\CInlineValidator.php(42): LoginForm->authenticate('password', Array)
#5 E:\wamp\www\yii\framework\validators\CValidator.php(213): CInlineValidator->validateAttribute(Object(LoginForm), 'password')
#6 E:\wamp\www\yii\framework\base\CModel.php(159): CValidator->validate(Object(LoginForm), NULL)
#7 E:\wamp\www\webapp\protected\controllers\SiteController.php(94): CModel->validate()
#8 E:\wamp\www\yii\framework\web\actions\CInlineAction.php(49): SiteController->actionLogin()
#9 E:\wamp\www\yii\framework\web\CController.php(308): CInlineAction->runWithParams(Array)
#10 E:\wamp\www\yii\framework\web\CController.php(286): CController->runAction(Object(CInlineAction))
#11 E:\wamp\www\yii\framework\web\CController.php(265): CController->runActionWithFilters(Object(CInlineAction), Array)
#12 E:\wamp\www\yii\framework\web\CWebApplication.php(282): CController->run('login')
#13 E:\wamp\www\yii\framework\web\CWebApplication.php(141): CWebApplication->runController('site/login')
#14 E:\wamp\www\yii\framework\base\CApplication.php(180): CWebApplication->processRequest()
#15 E:\wamp\www\webapp\index.php(13): CApplication->run()
#16 {main}
REQUEST_URI=/webapp/index.php?r=site/login
HTTP_REFERER=http://localhost/webapp/index.php?r=site/login
---
2014/09/17 13:44:56 [error] [exception.CHttpException.403] exception 'CHttpException' with message 'You are not authorized to perform this action.' in E:\wamp\www\yii\framework\web\auth\CAccessControlFilter.php:182
Stack trace:
#0 E:\wamp\www\yii\framework\web\auth\CAccessControlFilter.php(145): CAccessControlFilter->accessDenied(Object(CWebUser), 'You are not aut...')
#1 E:\wamp\www\yii\framework\web\filters\CFilter.php(38): CAccessControlFilter->preFilter(Object(CFilterChain))
#2 E:\wamp\www\yii\framework\web\CController.php(1145): CFilter->filter(Object(CFilterChain))
#3 E:\wamp\www\yii\framework\web\filters\CInlineFilter.php(58): CController->filterAccessControl(Object(CFilterChain))
#4 E:\wamp\www\yii\framework\web\filters\CFilterChain.php(130): CInlineFilter->filter(Object(CFilterChain))
#5 E:\wamp\www\yii\framework\web\CController.php(291): CFilterChain->run()
#6 E:\wamp\www\yii\framework\web\CController.php(265): CController->runActionWithFilters(Object(CInlineAction), Array)
#7 E:\wamp\www\yii\framework\web\CWebApplication.php(282): CController->run('admin')
#8 E:\wamp\www\yii\framework\web\CWebApplication.php(141): CWebApplication->runController('user/admin')
#9 E:\wamp\www\yii\framework\base\CApplication.php(180): CWebApplication->processRequest()
#10 E:\wamp\www\webapp\index.php(13): CApplication->run()
#11 {main}
REQUEST_URI=/webapp/index.php?r=user/admin
HTTP_REFERER=http://localhost/webapp/index.php?r=user/index
---
2014/09/17 14:41:42 [error] [exception.CHttpException.403] exception 'CHttpException' with message 'You are not authorized to perform this action.' in E:\wamp\www\yii\framework\web\auth\CAccessControlFilter.php:182
Stack trace:
#0 E:\wamp\www\yii\framework\web\auth\CAccessControlFilter.php(145): CAccessControlFilter->accessDenied(Object(CWebUser), 'You are not aut...')
#1 E:\wamp\www\yii\framework\web\filters\CFilter.php(38): CAccessControlFilter->preFilter(Object(CFilterChain))
#2 E:\wamp\www\yii\framework\web\CController.php(1145): CFilter->filter(Object(CFilterChain))
#3 E:\wamp\www\yii\framework\web\filters\CInlineFilter.php(58): CController->filterAccessControl(Object(CFilterChain))
#4 E:\wamp\www\yii\framework\web\filters\CFilterChain.php(130): CInlineFilter->filter(Object(CFilterChain))
#5 E:\wamp\www\yii\framework\web\CController.php(291): CFilterChain->run()
#6 E:\wamp\www\yii\framework\web\CController.php(265): CController->runActionWithFilters(Object(CInlineAction), Array)
#7 E:\wamp\www\yii\framework\web\CWebApplication.php(282): CController->run('admin')
#8 E:\wamp\www\yii\framework\web\CWebApplication.php(141): CWebApplication->runController('user/admin')
#9 E:\wamp\www\yii\framework\base\CApplication.php(180): CWebApplication->processRequest()
#10 E:\wamp\www\webapp\index.php(13): CApplication->run()
#11 {main}
REQUEST_URI=/webapp/index.php?r=user/admin
HTTP_REFERER=http://localhost/webapp/index.php?r=user/view&id=4
---
